<?xml version="1.0" encoding="UTF-8"?>
<!-- Generated by org.testng.reporters.JUnitReportReporter -->
<testsuite hostname="DESKTOP-L03PUD3" failures="0" tests="4" name="testNGTest.TestNGClass1" time="0.000" errors="0" timestamp="2023-07-16T18:49:58 IST" skipped="4">
  <testcase classname="testNGTest.TestNGClass1" name="test1" time="0.000">
    <skipped/>
  </testcase> <!-- test1 -->
  <system-out/>
  <testcase classname="testNGTest.TestNGClass1" name="test4" time="0.000">
    <skipped/>
  </testcase> <!-- test4 -->
  <system-out/>
  <testcase classname="testNGTest.TestNGClass1" name="test2" time="0.000">
    <skipped/>
  </testcase> <!-- test2 -->
  <system-out/>
  <testcase classname="testNGTest.TestNGClass1" name="test3" time="0.000">
    <skipped/>
  </testcase> <!-- test3 -->
  <system-out/>
</testsuite> <!-- testNGTest.TestNGClass1 -->
